Base path: E:/Unity Editors/2019.1.6f1/Editor/Data
Cmd: initializeCompiler
Cmd: compileComputeKernel
  api=4 insize=14406 outsize=21733 ok=1
Cmd: compileComputeKernel
  api=4 insize=14406 outsize=47741 ok=1
Cmd: compileComputeKernel
  api=4 insize=14406 outsize=64745 ok=1
Cmd: compileComputeKernel
  api=4 insize=14406 outsize=49585 ok=1
Cmd: compileComputeKernel
  api=4 insize=5767 outsize=5913 ok=1
Cmd: compileComputeKernel
  api=4 insize=2648 outsize=1889 ok=1
Cmd: compileComputeKernel
  api=4 insize=12262 outsize=9925 ok=1
Cmd: compileComputeKernel
  api=4 insize=10562 outsize=613 ok=1
Cmd: compileComputeKernel
  api=4 insize=1834 outsize=961 ok=1
Cmd: compileComputeKernel
  api=4 insize=2517 outsize=2573 ok=1
Cmd: compileComputeKernel
  api=4 insize=7704 outsize=525 ok=1
Cmd: compileComputeKernel
  api=4 insize=20668 outsize=27305 ok=1
Cmd: compileComputeKernel
  api=4 insize=34508 outsize=31641 ok=1
Cmd: compileComputeKernel
  api=4 insize=14985 outsize=6409 ok=1
Cmd: compileComputeKernel
  api=4 insize=7712 outsize=6777 ok=1
Cmd: compileComputeKernel
  api=4 insize=3918 outsize=709 ok=1
Cmd: compileSnippet
  api=4 type=0 insize=7237 outsize=810 kw=_NORMALMAP_TANGENT_SPACE _MASKMAP pd=UNITY_ENABLE_REFLECTION_BUFFERS UNITY_USE_DITHER_MASK_FOR_ALPHABLENDED_SHADOWS UNITY_PBS_USE_BRDF1 UNITY_SPECCUBE_BOX_PROJECTION UNITY_SPECCUBE_BLENDING UNITY_ENABLE_DETAIL_NORMALMAP SHADER_API_DESKTOP UNITY_LIGHT_PROBE_PROXY_VOLUME UNITY_LIGHTMAP_FULL_HDR ok=1
