Base path: E:/Unity Editors/2019.1.6f1/Editor/Data
Cmd: initializeCompiler
Cmd: compileComputeKernel
  api=4 insize=12091 outsize=9197 ok=1
Cmd: compileComputeKernel
  api=4 insize=14406 outsize=91749 ok=1
Cmd: compileComputeKernel
  api=4 insize=14406 outsize=43565 ok=1
Cmd: compileComputeKernel
  error: 1 plat 4 at (0): Program 'Deferred_Indirect_ShadowMask_Fptl_Variant26', warning X4714: sum of temp registers and indexable temp registers times 256 threads exceeds the recommended total 16384.  Performance may be reduced
  api=4 insize=14406 outsize=95645 ok=1
Cmd: compileComputeKernel
  api=4 insize=17415 outsize=10469 ok=1
Cmd: compileComputeKernel
  api=4 insize=2532 outsize=1861 ok=1
Cmd: compileComputeKernel
  api=4 insize=20012 outsize=14377 ok=1
Cmd: compileComputeKernel
  api=4 insize=34508 outsize=31641 ok=1
Cmd: compileComputeKernel
  api=4 insize=8350 outsize=2077 ok=1
Cmd: compileComputeKernel
  api=4 insize=5133 outsize=2233 ok=1
Cmd: compileComputeKernel
  api=4 insize=5089 outsize=1541 ok=1
Cmd: compileComputeKernel
  api=4 insize=3206 outsize=3693 ok=1
Cmd: compileSnippet
  api=4 type=0 insize=3158 outsize=402 kw= pd=UNITY_ENABLE_REFLECTION_BUFFERS UNITY_USE_DITHER_MASK_FOR_ALPHABLENDED_SHADOWS UNITY_PBS_USE_BRDF1 UNITY_SPECCUBE_BOX_PROJECTION UNITY_SPECCUBE_BLENDING UNITY_ENABLE_DETAIL_NORMALMAP SHADER_API_DESKTOP UNITY_LIGHT_PROBE_PROXY_VOLUME UNITY_LIGHTMAP_FULL_HDR ok=1
Cmd: compileSnippet
  api=4 type=0 insize=824 outsize=402 kw= pd=UNITY_ENABLE_REFLECTION_BUFFERS UNITY_USE_DITHER_MASK_FOR_ALPHABLENDED_SHADOWS UNITY_PBS_USE_BRDF1 UNITY_SPECCUBE_BOX_PROJECTION UNITY_SPECCUBE_BLENDING UNITY_ENABLE_DETAIL_NORMALMAP SHADER_API_DESKTOP UNITY_LIGHT_PROBE_PROXY_VOLUME UNITY_LIGHTMAP_FULL_HDR ok=1
Cmd: compileSnippet
  api=4 type=0 insize=12380 outsize=402 kw= pd=UNITY_ENABLE_REFLECTION_BUFFERS UNITY_USE_DITHER_MASK_FOR_ALPHABLENDED_SHADOWS UNITY_PBS_USE_BRDF1 UNITY_SPECCUBE_BOX_PROJECTION UNITY_SPECCUBE_BLENDING UNITY_ENABLE_DETAIL_NORMALMAP SHADER_API_DESKTOP UNITY_LIGHT_PROBE_PROXY_VOLUME UNITY_LIGHTMAP_FULL_HDR ok=1
