Base path: /Applications/Unity/Hub/Editor/2019.1.6f1/Unity.app/Contents
Cmd: initializeCompiler
Cmd: compileComputeKernel
  api=14 insize=14406 outsize=132313 ok=1
Cmd: compileComputeKernel
  api=14 insize=14406 outsize=55813 ok=1
Cmd: compileComputeKernel
  api=14 insize=14406 outsize=80129 ok=1
Cmd: compileComputeKernel
  api=14 insize=14406 outsize=49589 ok=1
Cmd: compileComputeKernel
  error: 1 plat 14 at (0): Program 'Deferred_Indirect_ShadowMask_Fptl_Variant20', warning X4714: sum of temp registers and indexable temp registers times 256 threads exceeds the recommended total 16384.  Performance may be reduced
  api=14 insize=14406 outsize=90421 ok=1
Cmd: translateComputeKernel
  api=14 insize=46509 outsize=88185 ok=1
Cmd: translateComputeKernel
  api=14 insize=52949 outsize=107905 ok=1
Cmd: translateComputeKernel
  api=14 insize=92649 outsize=204833 ok=1
Cmd: translateComputeKernel
  api=14 insize=48897 outsize=93037 ok=1
Cmd: translateComputeKernel
  api=14 insize=56613 outsize=111645 ok=1
Cmd: translateComputeKernel
  api=14 insize=43509 outsize=81221 ok=1
Cmd: translateComputeKernel
  api=14 insize=80845 outsize=175041 ok=1
Cmd: translateComputeKernel
  api=14 insize=46017 outsize=85733 ok=1
Cmd: translateComputeKernel
  api=14 insize=46777 outsize=88065 ok=1
Cmd: translateComputeKernel
  api=14 insize=91137 outsize=198113 ok=1
Cmd: compileComputeKernel
  api=14 insize=26648 outsize=18289 ok=1
Cmd: translateComputeKernel
  api=14 insize=18289 outsize=35437 ok=1
Cmd: compileComputeKernel
  api=14 insize=3797 outsize=9709 ok=1
Cmd: translateComputeKernel
  api=14 insize=9709 outsize=3005 ok=1
Cmd: compileComputeKernel
  api=14 insize=5767 outsize=13877 ok=1
Cmd: compileComputeKernel
  api=14 insize=3687 outsize=3801 ok=1
Cmd: compileComputeKernel
  api=14 insize=975 outsize=8877 ok=1
Cmd: compileComputeKernel
  api=14 insize=2816 outsize=9537 ok=1
Cmd: compileComputeKernel
  api=14 insize=9347 outsize=11945 ok=1
Cmd: translateComputeKernel
  api=14 insize=9925 outsize=14057 ok=1
Cmd: translateComputeKernel
  api=14 insize=12685 outsize=9149 ok=1
Cmd: translateComputeKernel
  api=14 insize=11337 outsize=24885 ok=1
Cmd: compileComputeKernel
  api=14 insize=6309 outsize=11985 ok=1
Cmd: compileComputeKernel
  api=14 insize=3253 outsize=10585 ok=1
Cmd: compileComputeKernel
  api=14 insize=7423 outsize=1901 ok=1
Cmd: translateComputeKernel
  api=14 insize=1557 outsize=1757 ok=1
Cmd: translateComputeKernel
  api=14 insize=9437 outsize=2461 ok=1
Cmd: compileComputeKernel
  api=14 insize=20012 outsize=17065 ok=1
Cmd: translateComputeKernel
  api=14 insize=17109 outsize=34829 ok=1
Cmd: compileComputeKernel
  api=14 insize=3022 outsize=4193 ok=1
Cmd: compileComputeKernel
  api=14 insize=3695 outsize=10733 ok=1
Cmd: translateComputeKernel
  api=14 insize=10553 outsize=5493 ok=1
Cmd: translateComputeKernel
  api=14 insize=103169 outsize=625261 ok=1
Cmd: compileComputeKernel
  api=14 insize=34508 outsize=46609 ok=1
Cmd: compileComputeKernel
  api=14 insize=34508 outsize=47481 ok=1
Cmd: translateComputeKernel
  api=14 insize=49157 outsize=97617 ok=1
Cmd: translateComputeKernel
  api=14 insize=49881 outsize=99821 ok=1
Cmd: translateComputeKernel
  api=14 insize=3417 outsize=6405 ok=1
Cmd: translateComputeKernel
  api=14 insize=16677 outsize=17661 ok=1
Cmd: compileComputeKernel
  api=14 insize=5089 outsize=9605 ok=1
Cmd: translateComputeKernel
  api=14 insize=1549 outsize=1773 ok=1
Cmd: translateComputeKernel
  api=14 insize=11941 outsize=7597 ok=1
Cmd: compileComputeKernel
  api=14 insize=7712 outsize=16837 ok=1
Cmd: translateComputeKernel
  api=14 insize=14525 outsize=10545 ok=1
Cmd: compileComputeKernel
  api=14 insize=3918 outsize=1165 ok=1
Cmd: translateComputeKernel
  api=14 insize=1377 outsize=1309 ok=1
Cmd: compileComputeKernel
  api=14 insize=5723 outsize=1421 ok=1
Cmd: translateComputeKernel
  api=14 insize=969 outsize=1513 ok=1
Cmd: compileSnippet
  api=14 type=1 insize=7060 outsize=2820 kw=_NORMALMAP_TANGENT_SPACE pd=UNITY_ENABLE_REFLECTION_BUFFERS UNITY_USE_DITHER_MASK_FOR_ALPHABLENDED_SHADOWS UNITY_PBS_USE_BRDF1 UNITY_SPECCUBE_BOX_PROJECTION UNITY_SPECCUBE_BLENDING UNITY_ENABLE_DETAIL_NORMALMAP SHADER_API_DESKTOP UNITY_LIGHT_PROBE_PROXY_VOLUME UNITY_LIGHTMAP_FULL_HDR ok=1
Cmd: compileSnippet
  api=14 type=1 insize=23980 outsize=19568 kw=LIGHTMAP_ON DIRLIGHTMAP_COMBINED DECALS_3RT pd=UNITY_ENABLE_REFLECTION_BUFFERS UNITY_USE_DITHER_MASK_FOR_ALPHABLENDED_SHADOWS UNITY_PBS_USE_BRDF1 UNITY_SPECCUBE_BOX_PROJECTION UNITY_SPECCUBE_BLENDING UNITY_ENABLE_DETAIL_NORMALMAP SHADER_API_DESKTOP UNITY_LIGHT_PROBE_PROXY_VOLUME UNITY_LIGHTMAP_FULL_HDR ok=1

Quitting shader compiler process
