Base path: E:/Unity Editors/2019.1.6f1/Editor/Data
Cmd: initializeCompiler
Cmd: compileComputeKernel
  error: 1 plat 4 at (0): Program 'Deferred_Direct_ShadowMask_Fptl', warning X4714: sum of temp registers and indexable temp registers times 256 threads exceeds the recommended total 16384.  Performance may be reduced
  api=4 insize=14406 outsize=93949 ok=1
Cmd: compileComputeKernel
  api=4 insize=14406 outsize=67073 ok=1
Cmd: compileComputeKernel
  api=4 insize=26648 outsize=16285 ok=1
Cmd: compileComputeKernel
  api=4 insize=9347 outsize=12805 ok=1
Cmd: compileComputeKernel
  api=4 insize=4918 outsize=2493 ok=1
Cmd: compileComputeKernel
  api=4 insize=1946 outsize=1269 ok=1
Cmd: compileComputeKernel
  api=4 insize=20012 outsize=14105 ok=1
Cmd: compileComputeKernel
  api=4 insize=34508 outsize=32261 ok=1
Cmd: compileComputeKernel
  api=4 insize=17193 outsize=7957 ok=1
Cmd: compileComputeKernel
  api=4 insize=5089 outsize=729 ok=1
Cmd: compileComputeKernel
  api=4 insize=2596 outsize=2085 ok=1
Cmd: compileComputeKernel
  api=4 insize=7712 outsize=4517 ok=1
Cmd: compileComputeKernel
  api=4 insize=3506 outsize=1065 ok=1
Cmd: compileComputeKernel
  api=4 insize=3425 outsize=4301 ok=1
Cmd: compileComputeKernel
  api=4 insize=2590 outsize=745 ok=1
Cmd: compileSnippet
  api=4 type=1 insize=7705 outsize=6710 kw=LIGHTMAP_ON DIRLIGHTMAP_COMBINED DECALS_3RT _NORMALMAP_TANGENT_SPACE _NORMALMAP _MASKMAP pd=UNITY_ENABLE_REFLECTION_BUFFERS UNITY_USE_DITHER_MASK_FOR_ALPHABLENDED_SHADOWS UNITY_PBS_USE_BRDF1 UNITY_SPECCUBE_BOX_PROJECTION UNITY_SPECCUBE_BLENDING UNITY_ENABLE_DETAIL_NORMALMAP SHADER_API_DESKTOP UNITY_LIGHT_PROBE_PROXY_VOLUME UNITY_LIGHTMAP_FULL_HDR ok=1
Cmd: compileSnippet
  api=4 type=0 insize=5996 outsize=502 kw=DITHER APPLY_AFTER_POST pd=UNITY_ENABLE_REFLECTION_BUFFERS UNITY_USE_DITHER_MASK_FOR_ALPHABLENDED_SHADOWS UNITY_PBS_USE_BRDF1 UNITY_SPECCUBE_BOX_PROJECTION UNITY_SPECCUBE_BLENDING UNITY_ENABLE_DETAIL_NORMALMAP SHADER_API_DESKTOP UNITY_LIGHT_PROBE_PROXY_VOLUME UNITY_LIGHTMAP_FULL_HDR ok=1
