Base path: /Applications/Unity/Hub/Editor/2019.1.6f1/Unity.app/Contents
Cmd: initializeCompiler
Cmd: compileComputeKernel
  error: 1 plat 14 at (0): Program 'Deferred_Direct_ShadowMask_Fptl', warning X4714: sum of temp registers and indexable temp registers times 256 threads exceeds the recommended total 16384.  Performance may be reduced
  api=14 insize=14406 outsize=111793 ok=1
Cmd: compileComputeKernel
  api=14 insize=14406 outsize=66369 ok=1
Cmd: compileComputeKernel
  api=14 insize=14406 outsize=80461 ok=1
Cmd: compileComputeKernel
  api=14 insize=14406 outsize=62809 ok=1
Cmd: compileComputeKernel
  api=14 insize=14406 outsize=59077 ok=1
Cmd: translateComputeKernel
  api=14 insize=41925 outsize=76585 ok=1
Cmd: translateComputeKernel
  api=14 insize=78725 outsize=168605 ok=1
Cmd: translateComputeKernel
  api=14 insize=49265 outsize=93605 ok=1
Cmd: translateComputeKernel
  api=14 insize=44365 outsize=81013 ok=1
Cmd: translateComputeKernel
  api=14 insize=81585 outsize=173585 ok=1
Cmd: translateComputeKernel
  api=14 insize=61605 outsize=124485 ok=1
Cmd: translateComputeKernel
  api=14 insize=48257 outsize=93637 ok=1
Cmd: translateComputeKernel
  api=14 insize=55905 outsize=112101 ok=1
Cmd: translateComputeKernel
  api=14 insize=70897 outsize=148537 ok=1
Cmd: translateComputeKernel
  api=14 insize=69281 outsize=143601 ok=1
Cmd: translateComputeKernel
  api=14 insize=45865 outsize=85481 ok=1
Cmd: translateComputeKernel
  api=14 insize=83229 outsize=179773 ok=1
Cmd: compileComputeKernel
  api=14 insize=26648 outsize=16297 ok=1
Cmd: compileComputeKernel
  api=14 insize=26648 outsize=18493 ok=1
Cmd: translateComputeKernel
  api=14 insize=15813 outsize=30997 ok=1
Cmd: translateComputeKernel
  api=14 insize=18293 outsize=35473 ok=1
Cmd: compileComputeKernel
  api=14 insize=5767 outsize=6317 ok=1
Cmd: translateComputeKernel
  api=14 insize=6385 outsize=12073 ok=1
Cmd: compileComputeKernel
  api=14 insize=2648 outsize=9853 ok=1
Cmd: compileComputeKernel
  api=14 insize=9347 outsize=9677 ok=1
Cmd: translateComputeKernel
  api=14 insize=15673 outsize=24197 ok=1
Cmd: compileComputeKernel
  api=14 insize=7409 outsize=12685 ok=1
Cmd: compileComputeKernel
  api=14 insize=17415 outsize=9737 ok=1
Cmd: compileComputeKernel
  api=14 insize=6309 outsize=13237 ok=1
Cmd: translateComputeKernel
  api=14 insize=13237 outsize=9053 ok=1
Cmd: translateComputeKernel
  api=14 insize=1805 outsize=2165 ok=1
Cmd: translateComputeKernel
  api=14 insize=1901 outsize=2373 ok=1
Cmd: compileComputeKernel
  api=14 insize=2364 outsize=1505 ok=1
Cmd: compileComputeKernel
  api=14 insize=10562 outsize=3357 ok=1
Cmd: translateComputeKernel
  api=14 insize=3357 outsize=4865 ok=1
Cmd: compileComputeKernel
  api=14 insize=20012 outsize=16417 ok=1
Cmd: translateComputeKernel
  api=14 insize=17693 outsize=36057 ok=1
Cmd: translateComputeKernel
  api=14 insize=22297 outsize=50905 ok=1
Cmd: translateComputeKernel
  api=14 insize=2301 outsize=3201 ok=1
Cmd: translateComputeKernel
  api=14 insize=14009 outsize=16325 ok=1
Cmd: compileComputeKernel
  api=14 insize=20668 outsize=35441 ok=1
Cmd: compileComputeKernel
  api=14 insize=34508 outsize=47481 ok=1
Cmd: compileComputeKernel
  api=14 insize=34508 outsize=46609 ok=1
Cmd: translateComputeKernel
  api=14 insize=47657 outsize=94657 ok=1
Cmd: translateComputeKernel
  api=14 insize=46241 outsize=92521 ok=1
Cmd: compileComputeKernel
  api=14 insize=5133 outsize=3589 ok=1
Cmd: compileComputeKernel
  api=14 insize=5089 outsize=11061 ok=1
Cmd: translateComputeKernel
  api=14 insize=12937 outsize=8569 ok=1
Cmd: compileComputeKernel
  api=14 insize=2596 outsize=2581 ok=1
Cmd: compileComputeKernel
  api=14 insize=7712 outsize=14437 ok=1
Cmd: translateComputeKernel
  api=14 insize=13385 outsize=8593 ok=1
Cmd: compileComputeKernel
  api=14 insize=3918 outsize=10785 ok=1
Cmd: compileComputeKernel
  api=14 insize=3506 outsize=1885 ok=1
Cmd: compileComputeKernel
  api=14 insize=5723 outsize=5801 ok=1
Cmd: compileSnippet
  api=14 type=1 insize=7060 outsize=2820 kw=_NORMALMAP_TANGENT_SPACE _MASKMAP pd=UNITY_ENABLE_REFLECTION_BUFFERS UNITY_USE_DITHER_MASK_FOR_ALPHABLENDED_SHADOWS UNITY_PBS_USE_BRDF1 UNITY_SPECCUBE_BOX_PROJECTION UNITY_SPECCUBE_BLENDING UNITY_ENABLE_DETAIL_NORMALMAP SHADER_API_DESKTOP UNITY_LIGHT_PROBE_PROXY_VOLUME UNITY_LIGHTMAP_FULL_HDR ok=1
Cmd: compileSnippet
  api=14 type=0 insize=26037 outsize=7981 kw=LIGHTMAP_ON DIRLIGHTMAP_COMBINED DECALS_3RT pd=UNITY_ENABLE_REFLECTION_BUFFERS UNITY_USE_DITHER_MASK_FOR_ALPHABLENDED_SHADOWS UNITY_PBS_USE_BRDF1 UNITY_SPECCUBE_BOX_PROJECTION UNITY_SPECCUBE_BLENDING UNITY_ENABLE_DETAIL_NORMALMAP SHADER_API_DESKTOP UNITY_LIGHT_PROBE_PROXY_VOLUME UNITY_LIGHTMAP_FULL_HDR ok=1
Cmd: compileSnippet
  api=14 type=0 insize=26037 outsize=7981 kw=LIGHTMAP_ON DIRLIGHTMAP_COMBINED DECALS_3RT pd=UNITY_ENABLE_REFLECTION_BUFFERS UNITY_USE_DITHER_MASK_FOR_ALPHABLENDED_SHADOWS UNITY_PBS_USE_BRDF1 UNITY_SPECCUBE_BOX_PROJECTION UNITY_SPECCUBE_BLENDING UNITY_ENABLE_DETAIL_NORMALMAP SHADER_API_DESKTOP UNITY_LIGHT_PROBE_PROXY_VOLUME UNITY_LIGHTMAP_FULL_HDR ok=1

Quitting shader compiler process
