Base path: E:/Unity Editors/2019.1.6f1/Editor/Data
Cmd: initializeCompiler
Cmd: compileComputeKernel
  api=4 insize=14406 outsize=29065 ok=1
Cmd: compileComputeKernel
  api=4 insize=14406 outsize=41937 ok=1
Cmd: compileComputeKernel
  api=4 insize=14406 outsize=93381 ok=1
Cmd: compileComputeKernel
  api=4 insize=26648 outsize=16041 ok=1
Cmd: compileComputeKernel
  api=4 insize=3797 outsize=1621 ok=1
Cmd: compileComputeKernel
  api=4 insize=9347 outsize=7973 ok=1
Cmd: compileComputeKernel
  api=4 insize=3253 outsize=2505 ok=1
Cmd: compileComputeKernel
  api=4 insize=12239 outsize=1313 ok=1
Cmd: compileComputeKernel
  api=4 insize=10769 outsize=9837 ok=1
Cmd: compileComputeKernel
  api=4 insize=10562 outsize=3893 ok=1
Cmd: compileComputeKernel
  api=4 insize=20012 outsize=14241 ok=1
Cmd: compileComputeKernel
  api=4 insize=2905 outsize=1853 ok=1
Cmd: compileComputeKernel
  api=4 insize=34508 outsize=33021 ok=1
Cmd: compileComputeKernel
  api=4 insize=17193 outsize=7121 ok=1
Cmd: compileComputeKernel
  api=4 insize=14985 outsize=3013 ok=1
Cmd: compileComputeKernel
  api=4 insize=3918 outsize=2657 ok=1
Cmd: compileComputeKernel
  api=4 insize=3425 outsize=4233 ok=1
Cmd: compileSnippet
  api=4 type=1 insize=3158 outsize=1082 kw= pd=UNITY_ENABLE_REFLECTION_BUFFERS UNITY_USE_DITHER_MASK_FOR_ALPHABLENDED_SHADOWS UNITY_PBS_USE_BRDF1 UNITY_SPECCUBE_BOX_PROJECTION UNITY_SPECCUBE_BLENDING UNITY_ENABLE_DETAIL_NORMALMAP SHADER_API_DESKTOP UNITY_LIGHT_PROBE_PROXY_VOLUME UNITY_LIGHTMAP_FULL_HDR ok=1
Cmd: compileSnippet
  api=4 type=0 insize=3734 outsize=402 kw= pd=UNITY_ENABLE_REFLECTION_BUFFERS UNITY_USE_DITHER_MASK_FOR_ALPHABLENDED_SHADOWS UNITY_PBS_USE_BRDF1 UNITY_SPECCUBE_BOX_PROJECTION UNITY_SPECCUBE_BLENDING UNITY_ENABLE_DETAIL_NORMALMAP SHADER_API_DESKTOP UNITY_LIGHT_PROBE_PROXY_VOLUME UNITY_LIGHTMAP_FULL_HDR ok=1

Quitting shader compiler process
