Base path: E:/Unity Editors/2019.1.6f1/Editor/Data
Cmd: initializeCompiler
Cmd: compileComputeKernel
  api=4 insize=14406 outsize=31409 ok=1
Cmd: compileComputeKernel
  api=4 insize=14406 outsize=34541 ok=1
Cmd: compileComputeKernel
  api=4 insize=14406 outsize=47613 ok=1
Cmd: compileComputeKernel
  api=4 insize=14406 outsize=56265 ok=1
Cmd: compileComputeKernel
  api=4 insize=14406 outsize=33001 ok=1
Cmd: compileComputeKernel
  api=4 insize=26648 outsize=13793 ok=1
Cmd: compileComputeKernel
  api=4 insize=3797 outsize=1749 ok=1
Cmd: compileComputeKernel
  api=4 insize=9347 outsize=9265 ok=1
Cmd: compileComputeKernel
  api=4 insize=6309 outsize=3841 ok=1
Cmd: compileComputeKernel
  api=4 insize=10769 outsize=10585 ok=1
Cmd: compileComputeKernel
  api=4 insize=20012 outsize=13729 ok=1
Cmd: compileComputeKernel
  api=4 insize=1580 outsize=16105 ok=1
Cmd: compileComputeKernel
  api=4 insize=34508 outsize=35413 ok=1
Cmd: compileComputeKernel
  api=4 insize=5089 outsize=2989 ok=1
Cmd: compileComputeKernel
  api=4 insize=7712 outsize=4613 ok=1
Cmd: compileComputeKernel
  api=4 insize=2590 outsize=541 ok=1
Cmd: compileSnippet
  api=4 type=0 insize=7237 outsize=810 kw=_NORMALMAP_TANGENT_SPACE pd=UNITY_ENABLE_REFLECTION_BUFFERS UNITY_USE_DITHER_MASK_FOR_ALPHABLENDED_SHADOWS UNITY_PBS_USE_BRDF1 UNITY_SPECCUBE_BOX_PROJECTION UNITY_SPECCUBE_BLENDING UNITY_ENABLE_DETAIL_NORMALMAP SHADER_API_DESKTOP UNITY_LIGHT_PROBE_PROXY_VOLUME UNITY_LIGHTMAP_FULL_HDR ok=1

Quitting shader compiler process
