Base path: /Applications/Unity/Hub/Editor/2019.1.6f1/Unity.app/Contents
Cmd: initializeCompiler
Cmd: compileComputeKernel
  api=14 insize=14406 outsize=31925 ok=1
Cmd: compileComputeKernel
  api=14 insize=14406 outsize=53409 ok=1
Cmd: compileComputeKernel
  api=14 insize=14406 outsize=43573 ok=1
Cmd: compileComputeKernel
  api=14 insize=14406 outsize=92241 ok=1
Cmd: compileComputeKernel
  api=14 insize=14406 outsize=43413 ok=1
Cmd: compileComputeKernel
  api=14 insize=14406 outsize=47249 ok=1
Cmd: compileComputeKernel
  api=14 insize=14406 outsize=54105 ok=1
Cmd: compileComputeKernel
  error: 1 plat 14 at (0): Program 'Deferred_Indirect_ShadowMask_Fptl_Variant10', warning X4714: sum of temp registers and indexable temp registers times 256 threads exceeds the recommended total 16384.  Performance may be reduced
  api=14 insize=14406 outsize=94449 ok=1
Cmd: compileComputeKernel
  api=14 insize=14406 outsize=57537 ok=1
Cmd: translateComputeKernel
  api=14 insize=112273 outsize=253785 ok=1
Cmd: translateComputeKernel
  api=14 insize=112181 outsize=264221 ok=1
Cmd: compileComputeKernel
  api=14 insize=26648 outsize=17433 ok=1
Cmd: translateComputeKernel
  api=14 insize=17865 outsize=34773 ok=1
Cmd: translateComputeKernel
  api=14 insize=11009 outsize=6321 ok=1
Cmd: translateComputeKernel
  api=14 insize=3801 outsize=6329 ok=1
Cmd: compileComputeKernel
  api=14 insize=9347 outsize=11937 ok=1
Cmd: translateComputeKernel
  api=14 insize=11945 outsize=17725 ok=1
Cmd: translateComputeKernel
  api=14 insize=8617 outsize=1429 ok=1
Cmd: translateComputeKernel
  api=14 insize=2005 outsize=2337 ok=1
Cmd: translateComputeKernel
  api=14 insize=1545 outsize=1745 ok=1
Cmd: compileComputeKernel
  api=14 insize=1946 outsize=10809 ok=1
Cmd: compileComputeKernel
  api=14 insize=20012 outsize=15925 ok=1
Cmd: translateComputeKernel
  api=14 insize=16617 outsize=33969 ok=1
Cmd: compileComputeKernel
  api=14 insize=21751 outsize=22297 ok=1
Cmd: compileComputeKernel
  api=14 insize=3022 outsize=2821 ok=1
Cmd: translateComputeKernel
  api=14 insize=2813 outsize=4917 ok=1
Cmd: compileComputeKernel
  api=14 insize=7704 outsize=9957 ok=1
Cmd: compileComputeKernel
  api=14 insize=20668 outsize=103169 ok=1
Cmd: compileComputeKernel
  api=14 insize=34508 outsize=48405 ok=1
Cmd: compileComputeKernel
  api=14 insize=34508 outsize=45809 ok=1
Cmd: translateComputeKernel
  api=14 insize=46241 outsize=92521 ok=1
Cmd: translateComputeKernel
  api=14 insize=48541 outsize=96401 ok=1
Cmd: compileComputeKernel
  api=14 insize=17193 outsize=16589 ok=1
Cmd: translateComputeKernel
  api=14 insize=17633 outsize=20193 ok=1
Cmd: compileComputeKernel
  api=14 insize=5089 outsize=1201 ok=1
Cmd: compileComputeKernel
  api=14 insize=5089 outsize=1393 ok=1
Cmd: translateComputeKernel
  api=14 insize=9605 outsize=3089 ok=1
Cmd: compileComputeKernel
  api=14 insize=3228 outsize=11413 ok=1
Cmd: translateComputeKernel
  api=14 insize=11413 outsize=7189 ok=1
Cmd: compileComputeKernel
  api=14 insize=7712 outsize=13337 ok=1
Cmd: translateComputeKernel
  api=14 insize=16837 outsize=14641 ok=1
Cmd: translateComputeKernel
  api=14 insize=10833 outsize=4805 ok=1
Cmd: translateComputeKernel
  api=14 insize=1537 outsize=1437 ok=1
Cmd: translateComputeKernel
  api=14 insize=5045 outsize=9069 ok=1
Cmd: compileSnippet
  api=14 type=0 insize=5996 outsize=1092 kw=DITHER APPLY_AFTER_POST pd=UNITY_ENABLE_REFLECTION_BUFFERS UNITY_USE_DITHER_MASK_FOR_ALPHABLENDED_SHADOWS UNITY_PBS_USE_BRDF1 UNITY_SPECCUBE_BOX_PROJECTION UNITY_SPECCUBE_BLENDING UNITY_ENABLE_DETAIL_NORMALMAP SHADER_API_DESKTOP UNITY_LIGHT_PROBE_PROXY_VOLUME UNITY_LIGHTMAP_FULL_HDR ok=1
Cmd: compileSnippet
  api=14 type=0 insize=7060 outsize=6418 kw=_NORMALMAP_TANGENT_SPACE _NORMALMAP _MASKMAP pd=UNITY_ENABLE_REFLECTION_BUFFERS UNITY_USE_DITHER_MASK_FOR_ALPHABLENDED_SHADOWS UNITY_PBS_USE_BRDF1 UNITY_SPECCUBE_BOX_PROJECTION UNITY_SPECCUBE_BLENDING UNITY_ENABLE_DETAIL_NORMALMAP SHADER_API_DESKTOP UNITY_LIGHT_PROBE_PROXY_VOLUME UNITY_LIGHTMAP_FULL_HDR ok=1
Cmd: compileSnippet
  api=14 type=0 insize=22936 outsize=7981 kw=LIGHTMAP_ON DIRLIGHTMAP_COMBINED DECALS_3RT pd=UNITY_ENABLE_REFLECTION_BUFFERS UNITY_USE_DITHER_MASK_FOR_ALPHABLENDED_SHADOWS UNITY_PBS_USE_BRDF1 UNITY_SPECCUBE_BOX_PROJECTION UNITY_SPECCUBE_BLENDING UNITY_ENABLE_DETAIL_NORMALMAP SHADER_API_DESKTOP UNITY_LIGHT_PROBE_PROXY_VOLUME UNITY_LIGHTMAP_FULL_HDR ok=1
Cmd: compileSnippet
  api=14 type=0 insize=23980 outsize=7981 kw=LIGHTMAP_ON DIRLIGHTMAP_COMBINED DECALS_3RT pd=UNITY_ENABLE_REFLECTION_BUFFERS UNITY_USE_DITHER_MASK_FOR_ALPHABLENDED_SHADOWS UNITY_PBS_USE_BRDF1 UNITY_SPECCUBE_BOX_PROJECTION UNITY_SPECCUBE_BLENDING UNITY_ENABLE_DETAIL_NORMALMAP SHADER_API_DESKTOP UNITY_LIGHT_PROBE_PROXY_VOLUME UNITY_LIGHTMAP_FULL_HDR ok=1

Quitting shader compiler process
