Base path: /Applications/Unity/Hub/Editor/2019.1.6f1/Unity.app/Contents
Cmd: initializeCompiler
Cmd: compileComputeKernel
  api=14 insize=2549 outsize=8813 ok=1
Cmd: compileComputeKernel
  api=14 insize=14406 outsize=45501 ok=1
Cmd: compileComputeKernel
  api=14 insize=14406 outsize=52249 ok=1
Cmd: compileComputeKernel
  api=14 insize=14406 outsize=60177 ok=1
Cmd: compileComputeKernel
  api=14 insize=14406 outsize=60837 ok=1
Cmd: compileComputeKernel
  api=14 insize=14406 outsize=44273 ok=1
Cmd: compileComputeKernel
  api=14 insize=14406 outsize=60681 ok=1
Cmd: compileComputeKernel
  api=14 insize=14406 outsize=55105 ok=1
Cmd: compileComputeKernel
  api=14 insize=14406 outsize=62053 ok=1
Cmd: compileComputeKernel
  api=14 insize=14406 outsize=68357 ok=1
Cmd: compileComputeKernel
  error: 1 plat 14 at (0): Program 'Deferred_Indirect_ShadowMask_Fptl_Variant26', warning X4714: sum of temp registers and indexable temp registers times 256 threads exceeds the recommended total 16384.  Performance may be reduced
  api=14 insize=14406 outsize=114001 ok=1
Cmd: translateComputeKernel
  api=14 insize=110037 outsize=246945 ok=1
Cmd: translateComputeKernel
  api=14 insize=81177 outsize=173205 ok=1
Cmd: translateComputeKernel
  api=14 insize=62545 outsize=131741 ok=1
Cmd: translateComputeKernel
  api=14 insize=50597 outsize=98217 ok=1
Cmd: translateComputeKernel
  api=14 insize=50625 outsize=98049 ok=1
Cmd: translateComputeKernel
  api=14 insize=58337 outsize=116449 ok=1
Cmd: compileComputeKernel
  api=14 insize=26648 outsize=17617 ok=1
Cmd: compileComputeKernel
  api=14 insize=26648 outsize=749 ok=1
Cmd: translateComputeKernel
  api=14 insize=17661 outsize=34409 ok=1
Cmd: translateComputeKernel
  api=14 insize=18493 outsize=35885 ok=1
Cmd: translateComputeKernel
  api=14 insize=13925 outsize=11777 ok=1
Cmd: compileComputeKernel
  api=14 insize=9347 outsize=15417 ok=1
Cmd: translateComputeKernel
  api=14 insize=11937 outsize=17717 ok=1
Cmd: translateComputeKernel
  api=14 insize=9549 outsize=16421 ok=1
Cmd: compileComputeKernel
  api=14 insize=4918 outsize=11277 ok=1
Cmd: translateComputeKernel
  api=14 insize=10885 outsize=5337 ok=1
Cmd: compileComputeKernel
  api=14 insize=12239 outsize=1721 ok=1
Cmd: compileComputeKernel
  api=14 insize=7423 outsize=7017 ok=1
Cmd: compileComputeKernel
  api=14 insize=10769 outsize=11445 ok=1
Cmd: translateComputeKernel
  api=14 insize=10697 outsize=19241 ok=1
Cmd: compileComputeKernel
  api=14 insize=10562 outsize=469 ok=1
Cmd: compileComputeKernel
  api=14 insize=20012 outsize=17045 ok=1
Cmd: translateComputeKernel
  api=14 insize=15969 outsize=32737 ok=1
Cmd: translateComputeKernel
  api=14 insize=7441 outsize=16829 ok=1
Cmd: translateComputeKernel
  api=14 insize=2821 outsize=4937 ok=1
Cmd: compileComputeKernel
  api=14 insize=7704 outsize=1321 ok=1
Cmd: translateComputeKernel
  api=14 insize=897 outsize=509 ok=1
Cmd: compileComputeKernel
  api=14 insize=20668 outsize=103165 ok=1
Cmd: translateComputeKernel
  api=14 insize=103165 outsize=625257 ok=1
Cmd: compileComputeKernel
  api=14 insize=34508 outsize=49073 ok=1
Cmd: compileComputeKernel
  api=14 insize=34508 outsize=49073 ok=1
Cmd: translateComputeKernel
  api=14 insize=48541 outsize=96401 ok=1
Cmd: translateComputeKernel
  api=14 insize=47001 outsize=93705 ok=1
Cmd: compileComputeKernel
  api=14 insize=8350 outsize=2405 ok=1
Cmd: compileComputeKernel
  api=14 insize=17193 outsize=17581 ok=1
Cmd: compileComputeKernel
  api=14 insize=5089 outsize=12937 ok=1
Cmd: translateComputeKernel
  api=14 insize=10889 outsize=5401 ok=1
Cmd: compileComputeKernel
  api=14 insize=7712 outsize=13177 ok=1
Cmd: translateComputeKernel
  api=14 insize=15729 outsize=12769 ok=1
Cmd: translateComputeKernel
  api=14 insize=1717 outsize=1821 ok=1
Cmd: compileComputeKernel
  api=14 insize=3425 outsize=5113 ok=1
Cmd: compileSnippet
  api=14 type=1 insize=5996 outsize=8280 kw=DITHER APPLY_AFTER_POST pd=UNITY_ENABLE_REFLECTION_BUFFERS UNITY_USE_DITHER_MASK_FOR_ALPHABLENDED_SHADOWS UNITY_PBS_USE_BRDF1 UNITY_SPECCUBE_BOX_PROJECTION UNITY_SPECCUBE_BLENDING UNITY_ENABLE_DETAIL_NORMALMAP SHADER_API_DESKTOP UNITY_LIGHT_PROBE_PROXY_VOLUME UNITY_LIGHTMAP_FULL_HDR ok=1
Cmd: compileSnippet
  api=14 type=0 insize=7060 outsize=6418 kw=_SURFACE_TYPE_TRANSPARENT _NORMALMAP_TANGENT_SPACE _BLENDMODE_ALPHA _BLENDMODE_PRESERVE_SPECULAR_LIGHTING _ENABLE_FOG_ON_TRANSPARENT pd=UNITY_ENABLE_REFLECTION_BUFFERS UNITY_USE_DITHER_MASK_FOR_ALPHABLENDED_SHADOWS UNITY_PBS_USE_BRDF1 UNITY_SPECCUBE_BOX_PROJECTION UNITY_SPECCUBE_BLENDING UNITY_ENABLE_DETAIL_NORMALMAP SHADER_API_DESKTOP UNITY_LIGHT_PROBE_PROXY_VOLUME UNITY_LIGHTMAP_FULL_HDR ok=1
Cmd: compileSnippet
  api=14 type=1 insize=20231 outsize=11695 kw=LIGHTMAP_ON DIRLIGHTMAP_COMBINED DECALS_3RT pd=UNITY_ENABLE_REFLECTION_BUFFERS UNITY_USE_DITHER_MASK_FOR_ALPHABLENDED_SHADOWS UNITY_PBS_USE_BRDF1 UNITY_SPECCUBE_BOX_PROJECTION UNITY_SPECCUBE_BLENDING UNITY_ENABLE_DETAIL_NORMALMAP SHADER_API_DESKTOP UNITY_LIGHT_PROBE_PROXY_VOLUME UNITY_LIGHTMAP_FULL_HDR ok=1
Cmd: compileSnippet
  api=14 type=1 insize=26037 outsize=20347 kw=LIGHTMAP_ON DIRLIGHTMAP_COMBINED DECALS_3RT pd=UNITY_ENABLE_REFLECTION_BUFFERS UNITY_USE_DITHER_MASK_FOR_ALPHABLENDED_SHADOWS UNITY_PBS_USE_BRDF1 UNITY_SPECCUBE_BOX_PROJECTION UNITY_SPECCUBE_BLENDING UNITY_ENABLE_DETAIL_NORMALMAP SHADER_API_DESKTOP UNITY_LIGHT_PROBE_PROXY_VOLUME UNITY_LIGHTMAP_FULL_HDR ok=1

Quitting shader compiler process
