Base path: /Applications/Unity/Hub/Editor/2019.1.6f1/Unity.app/Contents
Cmd: initializeCompiler
Cmd: compileComputeKernel
  api=14 insize=14406 outsize=58257 ok=1
Cmd: compileComputeKernel
  api=14 insize=14406 outsize=68205 ok=1
Cmd: compileComputeKernel
  api=14 insize=14406 outsize=48257 ok=1
Cmd: compileComputeKernel
  api=14 insize=14406 outsize=56181 ok=1
Cmd: compileComputeKernel
  api=14 insize=14406 outsize=88285 ok=1
Cmd: compileComputeKernel
  api=14 insize=14406 outsize=50069 ok=1
Cmd: compileComputeKernel
  api=14 insize=14406 outsize=57989 ok=1
Cmd: compileComputeKernel
  api=14 insize=14406 outsize=62661 ok=1
Cmd: translateComputeKernel
  api=14 insize=130101 outsize=305993 ok=1
Cmd: translateComputeKernel
  api=14 insize=63733 outsize=130437 ok=1
Cmd: translateComputeKernel
  api=14 insize=63585 outsize=130389 ok=1
Cmd: compileComputeKernel
  api=14 insize=26648 outsize=18065 ok=1
Cmd: translateComputeKernel
  api=14 insize=18109 outsize=35029 ok=1
Cmd: compileComputeKernel
  api=14 insize=3797 outsize=9581 ok=1
Cmd: compileComputeKernel
  api=14 insize=9347 outsize=10085 ok=1
Cmd: translateComputeKernel
  api=14 insize=10341 outsize=14873 ok=1
Cmd: compileComputeKernel
  api=14 insize=17415 outsize=9549 ok=1
Cmd: compileComputeKernel
  api=14 insize=4918 outsize=10333 ok=1
Cmd: translateComputeKernel
  api=14 insize=10753 outsize=4809 ok=1
Cmd: compileComputeKernel
  api=14 insize=7423 outsize=7005 ok=1
Cmd: compileComputeKernel
  api=14 insize=2532 outsize=2689 ok=1
Cmd: translateComputeKernel
  api=14 insize=2673 outsize=4525 ok=1
Cmd: translateComputeKernel
  api=14 insize=545 outsize=277 ok=1
Cmd: compileComputeKernel
  api=14 insize=20012 outsize=16557 ok=1
Cmd: translateComputeKernel
  api=14 insize=17045 outsize=34825 ok=1
Cmd: compileComputeKernel
  api=14 insize=2517 outsize=2845 ok=1
Cmd: compileComputeKernel
  api=14 insize=2905 outsize=2633 ok=1
Cmd: translateComputeKernel
  api=14 insize=2629 outsize=3669 ok=1
Cmd: translateComputeKernel
  api=14 insize=1117 outsize=1497 ok=1
Cmd: compileComputeKernel
  api=14 insize=7704 outsize=13929 ok=1
Cmd: translateComputeKernel
  api=14 insize=1381 outsize=1045 ok=1
Cmd: translateComputeKernel
  api=14 insize=7445 outsize=12969 ok=1
Cmd: compileComputeKernel
  api=14 insize=34508 outsize=49837 ok=1
Cmd: compileComputeKernel
  api=14 insize=34508 outsize=49837 ok=1
Cmd: translateComputeKernel
  api=14 insize=45081 outsize=89601 ok=1
Cmd: translateComputeKernel
  api=14 insize=45081 outsize=89601 ok=1
Cmd: compileComputeKernel
  api=14 insize=17193 outsize=17581 ok=1
Cmd: compileComputeKernel
  api=14 insize=5089 outsize=9433 ok=1
Cmd: translateComputeKernel
  api=14 insize=11061 outsize=5333 ok=1
Cmd: translateComputeKernel
  api=14 insize=15693 outsize=14021 ok=1
Cmd: compileComputeKernel
  api=14 insize=7712 outsize=13333 ok=1
Cmd: translateComputeKernel
  api=14 insize=13465 outsize=8745 ok=1
Cmd: compileComputeKernel
  api=14 insize=3918 outsize=1521 ok=1
Cmd: translateComputeKernel
  api=14 insize=10785 outsize=5133 ok=1
Cmd: translateComputeKernel
  api=14 insize=1725 outsize=2129 ok=1
Cmd: translateComputeKernel
  api=14 insize=7989 outsize=14453 ok=1
Cmd: compileComputeKernel
  api=14 insize=2590 outsize=1293 ok=1
Cmd: compileSnippet
  api=14 type=0 insize=7060 outsize=6418 kw=_NORMALMAP_TANGENT_SPACE _MASKMAP pd=UNITY_ENABLE_REFLECTION_BUFFERS UNITY_USE_DITHER_MASK_FOR_ALPHABLENDED_SHADOWS UNITY_PBS_USE_BRDF1 UNITY_SPECCUBE_BOX_PROJECTION UNITY_SPECCUBE_BLENDING UNITY_ENABLE_DETAIL_NORMALMAP SHADER_API_DESKTOP UNITY_LIGHT_PROBE_PROXY_VOLUME UNITY_LIGHTMAP_FULL_HDR ok=1
Cmd: compileSnippet
  api=14 type=1 insize=7060 outsize=2820 kw=_SURFACE_TYPE_TRANSPARENT _NORMALMAP_TANGENT_SPACE _BLENDMODE_ALPHA _BLENDMODE_PRESERVE_SPECULAR_LIGHTING _ENABLE_FOG_ON_TRANSPARENT pd=UNITY_ENABLE_REFLECTION_BUFFERS UNITY_USE_DITHER_MASK_FOR_ALPHABLENDED_SHADOWS UNITY_PBS_USE_BRDF1 UNITY_SPECCUBE_BOX_PROJECTION UNITY_SPECCUBE_BLENDING UNITY_ENABLE_DETAIL_NORMALMAP SHADER_API_DESKTOP UNITY_LIGHT_PROBE_PROXY_VOLUME UNITY_LIGHTMAP_FULL_HDR ok=1
Cmd: compileSnippet
  api=14 type=1 insize=26037 outsize=20351 kw=LIGHTMAP_ON DIRLIGHTMAP_COMBINED DECALS_3RT pd=UNITY_ENABLE_REFLECTION_BUFFERS UNITY_USE_DITHER_MASK_FOR_ALPHABLENDED_SHADOWS UNITY_PBS_USE_BRDF1 UNITY_SPECCUBE_BOX_PROJECTION UNITY_SPECCUBE_BLENDING UNITY_ENABLE_DETAIL_NORMALMAP SHADER_API_DESKTOP UNITY_LIGHT_PROBE_PROXY_VOLUME UNITY_LIGHTMAP_FULL_HDR ok=1
Cmd: compileSnippet
  api=14 type=1 insize=26037 outsize=20284 kw=LIGHTMAP_ON DIRLIGHTMAP_COMBINED DECALS_3RT pd=UNITY_ENABLE_REFLECTION_BUFFERS UNITY_USE_DITHER_MASK_FOR_ALPHABLENDED_SHADOWS UNITY_PBS_USE_BRDF1 UNITY_SPECCUBE_BOX_PROJECTION UNITY_SPECCUBE_BLENDING UNITY_ENABLE_DETAIL_NORMALMAP SHADER_API_DESKTOP UNITY_LIGHT_PROBE_PROXY_VOLUME UNITY_LIGHTMAP_FULL_HDR ok=1
Cmd: compileSnippet
  api=14 type=1 insize=26037 outsize=20354 kw=LIGHTMAP_ON DIRLIGHTMAP_COMBINED DECALS_3RT pd=UNITY_ENABLE_REFLECTION_BUFFERS UNITY_USE_DITHER_MASK_FOR_ALPHABLENDED_SHADOWS UNITY_PBS_USE_BRDF1 UNITY_SPECCUBE_BOX_PROJECTION UNITY_SPECCUBE_BLENDING UNITY_ENABLE_DETAIL_NORMALMAP SHADER_API_DESKTOP UNITY_LIGHT_PROBE_PROXY_VOLUME UNITY_LIGHTMAP_FULL_HDR ok=1

Quitting shader compiler process
